0 info it worked if it ends with ok
1 verbose cli [ 'C:\\Program Files\\nodejs\\node.exe',
1 verbose cli   'C:\\Program Files\\nodejs\\node_modules\\npm\\bin\\npm-cli.js',
1 verbose cli   'run',
1 verbose cli   'flow' ]
2 info using npm@3.10.10
3 info using node@v6.11.3
4 verbose run-script [ 'preflow', 'flow', 'postflow' ]
5 info lifecycle function-arena@1.0.0~preflow: function-arena@1.0.0
6 silly lifecycle function-arena@1.0.0~preflow: no script for preflow, continuing
7 info lifecycle function-arena@1.0.0~flow: function-arena@1.0.0
8 verbose lifecycle function-arena@1.0.0~flow: unsafe-perm in lifecycle true
9 verbose lifecycle function-arena@1.0.0~flow: PATH: C:\Users\darryl.dixon\AppData\Roaming\nvm\v6.11.3\node_modules\npm\bin\node-gyp-bin;C:\Users\darryl.dixon\Documents\game\function-arena\node_modules\.bin;C:\Users\darryl.dixon\bin;C:\Program Files\Git\mingw64\bin;C:\Program Files\Git\usr\local\bin;C:\Program Files\Git\usr\bin;C:\Program Files\Git\usr\bin;C:\Program Files\Git\mingw64\bin;C:\Program Files\Git\usr\bin;C:\Users\darryl.dixon\bin;C:\ProgramData\Oracle\Java\javapath;C:\Program Files (x86)\Intel\iCLS Client;C:\Program Files\Intel\iCLS Client;C:\WINDOWS\system32;C:\WINDOWS;C:\WINDOWS\System32\Wbem;C:\WINDOWS\System32\WindowsPowerShell\v1.0;C:\Program Files (x86)\Intel\Intel(R) Management Engine Components\DAL;C:\Program Files\Intel\Intel(R) Management Engine Components\DAL;C:\Program Files (x86)\Intel\Intel(R) Management Engine Components\IPT;C:\Program Files\Intel\Intel(R) Management Engine Components\IPT;C:\Program Files\Git\cmd;C:\Users\darryl.dixon\AppData\Roaming\nvm;C:\Program Files\nodejs;C:\Program Files\Java\jdk1.8.0_144\bin;C:\Program Files\Intel\WiFi\bin;C:\Program Files\Common Files\Intel\WirelessCommon;C:\Users\darryl.dixon\AppData\Local\Microsoft\WindowsApps;C:\Users\darryl.dixon\AppData\Roaming\nvm;C:\Program Files\nodejs;C:\Users\darryl.dixon\AppData\Local\atom\bin;%USERPROFILE%\AppData\Local\Microsoft\WindowsApps;C:\Program Files\Git\usr\bin\vendor_perl;C:\Program Files\Git\usr\bin\core_perl
10 verbose lifecycle function-arena@1.0.0~flow: CWD: C:\Users\darryl.dixon\Documents\game\function-arena
11 silly lifecycle function-arena@1.0.0~flow: Args: [ '/d /s /c', 'flow' ]
12 silly lifecycle function-arena@1.0.0~flow: Returned: code: 2  signal: null
13 info lifecycle function-arena@1.0.0~flow: Failed to exec flow script
14 verbose stack Error: function-arena@1.0.0 flow: `flow`
14 verbose stack Exit status 2
14 verbose stack     at EventEmitter.<anonymous> (C:\Users\darryl.dixon\AppData\Roaming\nvm\v6.11.3\node_modules\npm\lib\utils\lifecycle.js:255:16)
14 verbose stack     at emitTwo (events.js:106:13)
14 verbose stack     at EventEmitter.emit (events.js:191:7)
14 verbose stack     at ChildProcess.<anonymous> (C:\Users\darryl.dixon\AppData\Roaming\nvm\v6.11.3\node_modules\npm\lib\utils\spawn.js:40:14)
14 verbose stack     at emitTwo (events.js:106:13)
14 verbose stack     at ChildProcess.emit (events.js:191:7)
14 verbose stack     at maybeClose (internal/child_process.js:920:16)
14 verbose stack     at Process.ChildProcess._handle.onexit (internal/child_process.js:230:5)
15 verbose pkgid function-arena@1.0.0
16 verbose cwd C:\Users\darryl.dixon\Documents\game\function-arena
17 error Windows_NT 10.0.15063
18 error argv "C:\\Program Files\\nodejs\\node.exe" "C:\\Program Files\\nodejs\\node_modules\\npm\\bin\\npm-cli.js" "run" "flow"
19 error node v6.11.3
20 error npm  v3.10.10
21 error code ELIFECYCLE
22 error function-arena@1.0.0 flow: `flow`
22 error Exit status 2
23 error Failed at the function-arena@1.0.0 flow script 'flow'.
23 error Make sure you have the latest version of node.js and npm installed.
23 error If you do, this is most likely a problem with the function-arena package,
23 error not with npm itself.
23 error Tell the author that this fails on your system:
23 error     flow
23 error You can get information on how to open an issue for this project with:
23 error     npm bugs function-arena
23 error Or if that isn't available, you can get their info via:
23 error     npm owner ls function-arena
23 error There is likely additional logging output above.
24 verbose exit [ 1, true ]
